#
# A fatal error has been detected by the Java Runtime Environment:
#
#  EXCEPTION_ACCESS_VIOLATION (0xc0000005) at pc=0x0000000056098790, pid=13384, tid=20320
#
# JRE version: Java(TM) SE Runtime Environment (8.0_25-b18) (build 1.8.0_25-b18)
# Java VM: Java HotSpot(TM) 64-Bit Server VM (25.25-b02 mixed mode windows-amd64 compressed oops)
# Problematic frame:
# C  [rxtxSerial.dll+0x8790]
#
# Failed to write core dump. Minidumps are not enabled by default on client versions of Windows
#
# If you would like to submit a bug report, please visit:
#   http://bugreport.sun.com/bugreport/crash.jsp
# The crash happened outside the Java Virtual Machine in native code.
# See problematic frame for where to report the bug.
#

---------------  T H R E A D  ---------------

Current thread (0x000000005988b000):  JavaThread "Thread-4" [_thread_in_native, id=20320, stack(0x000000005a380000,0x000000005a480000)]

siginfo: ExceptionCode=0xc0000005, reading address 0x00000000000000f8

Registers:
RAX=0x0000000000000002, RBX=0x000000005f035190, RCX=0x0000000000000001, RDX=0x0000000000000000
RSP=0x000000005a47e390, RBP=0x000000005a47e600, RSI=0x0000000059e00c1a, RDI=0x0000000000000000
R8 =0x0000000000000000, R9 =0x0000000000000000, R10=0x0000000000000003, R11=0x0000000000000002
R12=0x000000005a47e608, R13=0x000000005e4b0f68, R14=0x000000005a47e608, R15=0x000000005988b000
RIP=0x0000000056098790, EFLAGS=0x0000000000010202

Top of Stack: (sp=0x000000005a47e390)
0x000000005a47e390:   000000005f035190 0000000059e00c10
0x000000005a47e3a0:   000000005988b000 0000000059e00c10
0x000000005a47e3b0:   0000000059e00c10 000000005609aab4
0x000000005a47e3c0:   000000005988b1e8 0000000000000106
0x000000005a47e3d0:   000000005e4b0f68 000000005a47e608
0x000000005a47e3e0:   000000005984b338 0000000059e00c10
0x000000005a47e3f0:   000000005a47e600 000000005609b7fe
0x000000005a47e400:   000000005988b000 000000005a784de2
0x000000005a47e410:   000000005988b1e8 0000000059e00c10
0x000000005a47e420:   000000005a47e608 0000000000000000
0x000000005a47e430:   00000d6d41f42194 000000007fffffdb
0x000000005a47e440:   000000005a47e4d0 0000000000000042
0x000000005a47e450:   000000005988b1e8 0000000000000000
0x000000005a47e460:   0000000059e00c10 000000005609213d
0x000000005a47e470:   000000005a47e600 00000000560ac0b0
0x000000005a47e480:   0000000000000000 0000000056090000 

Instructions: (pc=0x0000000056098790)
0x0000000056098770:   89 83 00 01 00 00 48 89 1d 73 6f 01 00 48 8b c3
0x0000000056098780:   48 8b 5c 24 30 48 8b 74 24 38 48 83 c4 20 5f c3
0x0000000056098790:   39 87 f8 00 00 00 7d 20 0f 1f 84 00 00 00 00 00
0x00000000560987a0:   48 8b 87 00 01 00 00 48 85 c0 74 0c 44 39 98 f8 


Register to memory mapping:

RAX=0x0000000000000002 is an unknown value
RBX=0x000000005f035190 is an unknown value
RCX=0x0000000000000001 is an unknown value
RDX=0x0000000000000000 is an unknown value
RSP=0x000000005a47e390 is pointing into the stack for thread: 0x000000005988b000
RBP=0x000000005a47e600 is pointing into the stack for thread: 0x000000005988b000
RSI=0x0000000059e00c1a is an unknown value
RDI=0x0000000000000000 is an unknown value
R8 =0x0000000000000000 is an unknown value
R9 =0x0000000000000000 is an unknown value
R10=0x0000000000000003 is an unknown value
R11=0x0000000000000002 is an unknown value
R12=0x000000005a47e608 is pointing into the stack for thread: 0x000000005988b000
R13=0x000000005e4b0f68 is pointing into metadata
R14=0x000000005a47e608 is pointing into the stack for thread: 0x000000005988b000
R15=0x000000005988b000 is a thread


Stack: [0x000000005a380000,0x000000005a480000],  sp=0x000000005a47e390,  free space=1016k
Native frames: (J=compiled Java code, j=interpreted, Vv=VM code, C=native code)
C  [rxtxSerial.dll+0x8790]
C  [rxtxSerial.dll+0xaab4]
C  [rxtxSerial.dll+0x213d]
C  0x00000000028c664b

Java frames: (J=compiled Java code, j=interpreted, Vv=VM code)
j  gnu.io.RXTXPort.open(Ljava/lang/String;)I+0
j  gnu.io.RXTXPort.<init>(Ljava/lang/String;)V+125
j  gnu.io.RXTXCommDriver.getCommPort(Ljava/lang/String;I)Lgnu/io/CommPort;+78
j  gnu.io.CommPortIdentifier.open(Ljava/lang/String;I)Lgnu/io/CommPort;+171
j  automatizacion.ColorSensor.<init>()V+38
j  automatizacion.Crixus.init()V+48
j  automatizacion.Crixus.<init>()V+35
j  automatizacion.Crixus.<clinit>()V+4
v  ~StubRoutines::call_stub
j  automatizacion.SplashScreenController$1.call()Ljava/lang/Object;+29
j  javafx.concurrent.Task$TaskCallable.call()Ljava/lang/Object;+26
j  java.util.concurrent.FutureTask.run()V+42
j  java.lang.Thread.run()V+11
v  ~StubRoutines::call_stub

---------------  P R O C E S S  ---------------

Java Threads: ( => current thread )
  0x0000000059c79000 JavaThread "Modbus RTU master" daemon [_thread_blocked, id=22904, stack(0x000000005f740000,0x000000005f840000)]
  0x0000000059c88000 JavaThread "Thread-6" [_thread_in_native, id=19816, stack(0x000000005f410000,0x000000005f510000)]
  0x0000000059d9a800 JavaThread "Thread-5" [_thread_blocked, id=9516, stack(0x000000005f260000,0x000000005f360000)]
  0x0000000059ddb000 JavaThread "Prism Font Disposer" daemon [_thread_blocked, id=23996, stack(0x000000005dab0000,0x000000005dbb0000)]
=>0x000000005988b000 JavaThread "Thread-4" [_thread_in_native, id=20320, stack(0x000000005a380000,0x000000005a480000)]
  0x0000000056b11800 JavaThread "JavaFX-Launcher" [_thread_blocked, id=20408, stack(0x0000000059f20000,0x000000005a020000)]
  0x0000000056ae8800 JavaThread "Thread-2" daemon [_thread_in_native, id=23904, stack(0x0000000058f40000,0x0000000059040000)]
  0x0000000056a9d000 JavaThread "JavaFX Application Thread" [_thread_in_native, id=24192, stack(0x00000000576b0000,0x00000000577b0000)]
  0x0000000056a9a800 JavaThread "Thread-1" daemon [_thread_blocked, id=20016, stack(0x0000000057550000,0x0000000057650000)]
  0x0000000056ad2800 JavaThread "QuantumRenderer-0" daemon [_thread_blocked, id=20568, stack(0x0000000057280000,0x0000000057380000)]
  0x00000000567b8800 JavaThread "Service Thread" daemon [_thread_blocked, id=21364, stack(0x0000000056f70000,0x0000000057070000)]
  0x0000000056735000 JavaThread "C1 CompilerThread2" daemon [_thread_blocked, id=4876, stack(0x00000000561d0000,0x00000000562d0000)]
  0x000000005503d800 JavaThread "C2 CompilerThread1" daemon [_thread_blocked, id=24344, stack(0x0000000056df0000,0x0000000056ef0000)]
  0x0000000055037800 JavaThread "C2 CompilerThread0" daemon [_thread_blocked, id=18664, stack(0x0000000056cc0000,0x0000000056dc0000)]
  0x0000000055036000 JavaThread "Attach Listener" daemon [_thread_blocked, id=19156, stack(0x0000000056620000,0x0000000056720000)]
  0x0000000055032800 JavaThread "Signal Dispatcher" daemon [_thread_blocked, id=17288, stack(0x0000000055f40000,0x0000000056040000)]
  0x0000000054fd4800 JavaThread "Finalizer" daemon [_thread_blocked, id=15904, stack(0x0000000056480000,0x0000000056580000)]
  0x0000000054fcb800 JavaThread "Reference Handler" daemon [_thread_blocked, id=17476, stack(0x00000000562e0000,0x00000000563e0000)]
  0x000000000227f800 JavaThread "main" [_thread_blocked, id=16620, stack(0x00000000024e0000,0x00000000025e0000)]

Other Threads:
  0x0000000054fc5800 VMThread [stack: 0x00000000560d0000,0x00000000561d0000] [id=14416]
  0x00000000567bb800 WatcherThread [stack: 0x00000000570c0000,0x00000000571c0000] [id=20508]

VM state:not at safepoint (normal execution)

VM Mutex/Monitor currently owned by a thread: None

Heap:
 PSYoungGen      total 34304K, used 7965K [0x00000000eb700000, 0x00000000edb00000, 0x0000000100000000)
  eden space 31744K, 17% used [0x00000000eb700000,0x00000000ebc4b398,0x00000000ed600000)
  from space 2560K, 99% used [0x00000000ed880000,0x00000000edafc1b8,0x00000000edb00000)
  to   space 2560K, 0% used [0x00000000ed600000,0x00000000ed600000,0x00000000ed880000)
 ParOldGen       total 42496K, used 2004K [0x00000000c2400000, 0x00000000c4d80000, 0x00000000eb700000)
  object space 42496K, 4% used [0x00000000c2400000,0x00000000c25f53c8,0x00000000c4d80000)
 Metaspace       used 15356K, capacity 15854K, committed 16000K, reserved 1062912K
  class space    used 2213K, capacity 2341K, committed 2432K, reserved 1048576K

Card table byte_map: [0x0000000011c70000,0x0000000011e60000] byte_map_base: 0x000000001165e000

Marking Bits: (ParMarkBitMap*) 0x000000005ae2d490
 Begin Bits: [0x0000000012570000, 0x00000000134e0000)
 End Bits:   [0x00000000134e0000, 0x0000000014450000)

Polling page: 0x0000000001b60000

CodeCache: size=245760Kb used=4956Kb max_used=4967Kb free=240803Kb
 bounds [0x00000000028b0000, 0x0000000002d90000, 0x00000000118b0000]
 total_blobs=2171 nmethods=1548 adapters=536
 compilation: enabled

Compilation events (10 events):
Event: 5.418 Thread 0x0000000056735000 nmethod 1543 0x0000000002d83ad0 code [0x0000000002d83c40, 0x0000000002d83ea8]
Event: 5.418 Thread 0x0000000056735000 1541  s    3       java.lang.StringBuffer::append (13 bytes)
Event: 5.419 Thread 0x0000000056735000 nmethod 1541 0x0000000002d83f50 code [0x0000000002d840c0, 0x0000000002d843c8]
Event: 5.423 Thread 0x0000000056735000 1544       3       java.lang.String::toUpperCase (439 bytes)
Event: 5.430 Thread 0x0000000056735000 nmethod 1544 0x0000000002d84490 code [0x0000000002d847c0, 0x0000000002d85f78]
Event: 5.430 Thread 0x0000000056735000 1546       3       java.lang.String::regionMatches (91 bytes)
Event: 5.431 Thread 0x0000000056735000 nmethod 1546 0x0000000002d86d50 code [0x0000000002d86ec0, 0x0000000002d87270]
Event: 5.431 Thread 0x0000000056735000 1545       3       java.lang.String::toUpperCase (8 bytes)
Event: 5.432 Thread 0x0000000056735000 nmethod 1545 0x0000000002d87450 code [0x0000000002d875c0, 0x0000000002d87828]
Event: 5.432 Thread 0x000000005503d800 1547  s    4       java.lang.StringBuffer::append (13 bytes)

GC Heap History (4 events):
Event: 1.769 GC heap before
{Heap before GC invocations=1 (full 0):
 PSYoungGen      total 18432K, used 15580K [0x00000000eb700000, 0x00000000ecb80000, 0x0000000100000000)
  eden space 15872K, 98% used [0x00000000eb700000,0x00000000ec6373d0,0x00000000ec680000)
  from space 2560K, 0% used [0x00000000ec900000,0x00000000ec900000,0x00000000ecb80000)
  to   space 2560K, 0% used [0x00000000ec680000,0x00000000ec680000,0x00000000ec900000)
 ParOldGen       total 42496K, used 0K [0x00000000c2400000, 0x00000000c4d80000, 0x00000000eb700000)
  object space 42496K, 0% used [0x00000000c2400000,0x00000000c2400000,0x00000000c4d80000)
 Metaspace       used 9155K, capacity 9466K, committed 9728K, reserved 1058816K
  class space    used 1154K, capacity 1261K, committed 1280K, reserved 1048576K
Event: 1.803 GC heap after
Heap after GC invocations=1 (full 0):
 PSYoungGen      total 18432K, used 2324K [0x00000000eb700000, 0x00000000edb00000, 0x0000000100000000)
  eden space 15872K, 0% used [0x00000000eb700000,0x00000000eb700000,0x00000000ec680000)
  from space 2560K, 90% used [0x00000000ec680000,0x00000000ec8c5060,0x00000000ec900000)
  to   space 2560K, 0% used [0x00000000ed880000,0x00000000ed880000,0x00000000edb00000)
 ParOldGen       total 42496K, used 16K [0x00000000c2400000, 0x00000000c4d80000, 0x00000000eb700000)
  object space 42496K, 0% used [0x00000000c2400000,0x00000000c2404000,0x00000000c4d80000)
 Metaspace       used 9155K, capacity 9466K, committed 9728K, reserved 1058816K
  class space    used 1154K, capacity 1261K, committed 1280K, reserved 1048576K
}
Event: 3.169 GC heap before
{Heap before GC invocations=2 (full 0):
 PSYoungGen      total 18432K, used 18196K [0x00000000eb700000, 0x00000000edb00000, 0x0000000100000000)
  eden space 15872K, 100% used [0x00000000eb700000,0x00000000ec680000,0x00000000ec680000)
  from space 2560K, 90% used [0x00000000ec680000,0x00000000ec8c5060,0x00000000ec900000)
  to   space 2560K, 0% used [0x00000000ed880000,0x00000000ed880000,0x00000000edb00000)
 ParOldGen       total 42496K, used 16K [0x00000000c2400000, 0x00000000c4d80000, 0x00000000eb700000)
  object space 42496K, 0% used [0x00000000c2400000,0x00000000c2404000,0x00000000c4d80000)
 Metaspace       used 14601K, capacity 15164K, committed 15488K, reserved 1062912K
  class space    used 2140K, capacity 2306K, committed 2432K, reserved 1048576K
Event: 3.180 GC heap after
Heap after GC invocations=2 (full 0):
 PSYoungGen      total 34304K, used 2544K [0x00000000eb700000, 0x00000000edb00000, 0x0000000100000000)
  eden space 31744K, 0% used [0x00000000eb700000,0x00000000eb700000,0x00000000ed600000)
  from space 2560K, 99% used [0x00000000ed880000,0x00000000edafc1b8,0x00000000edb00000)
  to   space 2560K, 0% used [0x00000000ed600000,0x00000000ed600000,0x00000000ed880000)
 ParOldGen       total 42496K, used 2004K [0x00000000c2400000, 0x00000000c4d80000, 0x00000000eb700000)
  object space 42496K, 4% used [0x00000000c2400000,0x00000000c25f53c8,0x00000000c4d80000)
 Metaspace       used 14601K, capacity 15164K, committed 15488K, reserved 1062912K
  class space    used 2140K, capacity 2306K, committed 2432K, reserved 1048576K
}

Deoptimization events (10 events):
Event: 1.967 Thread 0x0000000056a9d000 Uncommon trap: reason=unreached action=reinterpret pc=0x0000000002b19f50 method=java.util.HashMap.getNode(ILjava/lang/Object;)Ljava/util/HashMap$Node; @ 84
Event: 1.967 Thread 0x0000000056a9d000 Uncommon trap: reason=unreached action=reinterpret pc=0x0000000002b1ca64 method=java.util.HashMap.getNode(ILjava/lang/Object;)Ljava/util/HashMap$Node; @ 84
Event: 2.729 Thread 0x0000000056a9d000 Uncommon trap: reason=class_check action=maybe_recompile pc=0x0000000002b54548 method=java.io.DataInputStream.readShort()S @ 4
Event: 2.729 Thread 0x0000000056a9d000 Uncommon trap: reason=class_check action=maybe_recompile pc=0x0000000002b54548 method=java.io.DataInputStream.readShort()S @ 4
Event: 2.729 Thread 0x0000000056a9d000 Uncommon trap: reason=class_check action=maybe_recompile pc=0x0000000002b54548 method=java.io.DataInputStream.readShort()S @ 4
Event: 2.729 Thread 0x0000000056a9d000 Uncommon trap: reason=class_check action=maybe_recompile pc=0x0000000002b54548 method=java.io.DataInputStream.readShort()S @ 4
Event: 2.745 Thread 0x0000000056a9d000 Uncommon trap: reason=class_check action=maybe_recompile pc=0x00000000029d77a0 method=java.lang.String.equals(Ljava/lang/Object;)Z @ 8
Event: 2.746 Thread 0x0000000056a9d000 Uncommon trap: reason=class_check action=maybe_recompile pc=0x00000000029d77a0 method=java.lang.String.equals(Ljava/lang/Object;)Z @ 8
Event: 2.746 Thread 0x0000000056a9d000 Uncommon trap: reason=class_check action=maybe_recompile pc=0x00000000029d77a0 method=java.lang.String.equals(Ljava/lang/Object;)Z @ 8
Event: 2.749 Thread 0x0000000056a9d000 Uncommon trap: reason=class_check action=maybe_recompile pc=0x00000000029d77a0 method=java.lang.String.equals(Ljava/lang/Object;)Z @ 8

Internal exceptions (10 events):
Event: 5.430 Thread 0x0000000059d9a800 Exception <a 'java/security/PrivilegedActionException'> (0x00000000ebba6e38) thrown at [D:\re\workspace\8-2-build-windows-amd64-cygwin\jdk8u25\1677\hotspot\src\share\vm\prims\jvm.cpp, line 1312]
Event: 5.431 Thread 0x0000000059d9a800 Exception <a 'java/security/PrivilegedActionException'> (0x00000000ebba99e8) thrown at [D:\re\workspace\8-2-build-windows-amd64-cygwin\jdk8u25\1677\hotspot\src\share\vm\prims\jvm.cpp, line 1312]
Event: 5.431 Thread 0x0000000059d9a800 Exception <a 'java/security/PrivilegedActionException'> (0x00000000ebbac468) thrown at [D:\re\workspace\8-2-build-windows-amd64-cygwin\jdk8u25\1677\hotspot\src\share\vm\prims\jvm.cpp, line 1312]
Event: 5.432 Thread 0x0000000059d9a800 Exception <a 'java/security/PrivilegedActionException'> (0x00000000ebbaf140) thrown at [D:\re\workspace\8-2-build-windows-amd64-cygwin\jdk8u25\1677\hotspot\src\share\vm\prims\jvm.cpp, line 1312]
Event: 5.433 Thread 0x0000000059d9a800 Exception <a 'java/security/PrivilegedActionException'> (0x00000000ebbb2778) thrown at [D:\re\workspace\8-2-build-windows-amd64-cygwin\jdk8u25\1677\hotspot\src\share\vm\prims\jvm.cpp, line 1312]
Event: 5.433 Thread 0x0000000059d9a800 Exception <a 'java/security/PrivilegedActionException'> (0x00000000ebbb64f0) thrown at [D:\re\workspace\8-2-build-windows-amd64-cygwin\jdk8u25\1677\hotspot\src\share\vm\prims\jvm.cpp, line 1312]
Event: 5.435 Thread 0x000000005988b000 Exception <a 'java/security/PrivilegedActionException'> (0x00000000ebb934f0) thrown at [D:\re\workspace\8-2-build-windows-amd64-cygwin\jdk8u25\1677\hotspot\src\share\vm\prims\jvm.cpp, line 1312]
Event: 5.436 Thread 0x000000005988b000 Exception <a 'java/security/PrivilegedActionException'> (0x00000000ebb96bf8) thrown at [D:\re\workspace\8-2-build-windows-amd64-cygwin\jdk8u25\1677\hotspot\src\share\vm\prims\jvm.cpp, line 1312]
Event: 5.439 Thread 0x000000005988b000 Exception <a 'java/security/PrivilegedActionException'> (0x00000000ebb9b410) thrown at [D:\re\workspace\8-2-build-windows-amd64-cygwin\jdk8u25\1677\hotspot\src\share\vm\prims\jvm.cpp, line 1312]
Event: 5.440 Thread 0x000000005988b000 Exception <a 'java/security/PrivilegedActionException'> (0x00000000ebbbee90) thrown at [D:\re\workspace\8-2-build-windows-amd64-cygwin\jdk8u25\1677\hotspot\src\share\vm\prims\jvm.cpp, line 1312]

Events (10 events):
Event: 5.434 Executing VM operation: RevokeBias
Event: 5.434 Executing VM operation: RevokeBias done
Event: 5.435 loading class gnu/io/RXTXPort$SerialOutputStream
Event: 5.435 loading class gnu/io/RXTXPort$SerialOutputStream done
Event: 5.436 loading class gnu/io/RXTXPort$SerialInputStream
Event: 5.436 loading class gnu/io/RXTXPort$SerialInputStream done
Event: 5.438 loading class gnu/io/Zystem
Event: 5.438 loading class gnu/io/Zystem done
Event: 5.440 loading class gnu/io/UnSupportedLoggerException
Event: 5.440 loading class gnu/io/UnSupportedLoggerException done


Dynamic libraries:
0x000000013ff70000 - 0x000000013ffa4000 	C:\Program Files\Java\jdk1.8.0_25\bin\java.exe
0x0000000077150000 - 0x00000000772f9000 	C:\Windows\SYSTEM32\ntdll.dll
0x0000000076f30000 - 0x000000007704f000 	C:\Windows\system32\kernel32.dll
0x000007fefd240000 - 0x000007fefd2ac000 	C:\Windows\system32\KERNELBASE.dll
0x000007feff2a0000 - 0x000007feff37b000 	C:\Windows\system32\ADVAPI32.dll
0x000007fefe250000 - 0x000007fefe2ef000 	C:\Windows\system32\msvcrt.dll
0x000007fefec70000 - 0x000007fefec8f000 	C:\Windows\SYSTEM32\sechost.dll
0x000007fefe310000 - 0x000007fefe43d000 	C:\Windows\system32\RPCRT4.dll
0x0000000077050000 - 0x000000007714a000 	C:\Windows\system32\USER32.dll
0x000007fefe440000 - 0x000007fefe4a7000 	C:\Windows\system32\GDI32.dll
0x000007fefeef0000 - 0x000007fefeefe000 	C:\Windows\system32\LPK.dll
0x000007fefeba0000 - 0x000007fefec69000 	C:\Windows\system32\USP10.dll
0x000007fefb8f0000 - 0x000007fefbae4000 	C:\Windows\WinSxS\amd64_microsoft.windows.common-controls_6595b64144ccf1df_6.0.7601.17514_none_fa396087175ac9ac\COMCTL32.dll
0x000007fefefa0000 - 0x000007feff011000 	C:\Windows\system32\SHLWAPI.dll
0x000007fefe1d0000 - 0x000007fefe1fe000 	C:\Windows\system32\IMM32.DLL
0x000007fefd330000 - 0x000007fefd439000 	C:\Windows\system32\MSCTF.dll
0x0000000069b20000 - 0x0000000069bf2000 	C:\Program Files\Java\jdk1.8.0_25\jre\bin\msvcr100.dll
0x000000005a650000 - 0x000000005aeaa000 	C:\Program Files\Java\jdk1.8.0_25\jre\bin\server\jvm.dll
0x000007fef30c0000 - 0x000007fef30c9000 	C:\Windows\system32\WSOCK32.dll
0x000007fefe200000 - 0x000007fefe24d000 	C:\Windows\system32\WS2_32.dll
0x000007fefeee0000 - 0x000007fefeee8000 	C:\Windows\system32\NSI.dll
0x000007fefaf70000 - 0x000007fefafab000 	C:\Windows\system32\WINMM.dll
0x0000000077320000 - 0x0000000077327000 	C:\Windows\system32\PSAPI.DLL
0x0000000070ab0000 - 0x0000000070abf000 	C:\Program Files\Java\jdk1.8.0_25\jre\bin\verify.dll
0x0000000070880000 - 0x00000000708a8000 	C:\Program Files\Java\jdk1.8.0_25\jre\bin\java.dll
0x0000000070860000 - 0x0000000070876000 	C:\Program Files\Java\jdk1.8.0_25\jre\bin\zip.dll
0x000007fefd440000 - 0x000007fefe1c8000 	C:\Windows\system32\SHELL32.dll
0x000007fefe6c0000 - 0x000007fefe8c3000 	C:\Windows\system32\ole32.dll
0x000007fefcf20000 - 0x000007fefcf2f000 	C:\Windows\system32\profapi.dll
0x0000000070550000 - 0x000000007057c000 	C:\Program Files\Java\jdk1.8.0_25\jre\bin\prism_d3d.dll
0x000007feee910000 - 0x000007feeeb0f000 	C:\Windows\system32\d3d9.dll
0x000007fefbfb0000 - 0x000007fefbfbc000 	C:\Windows\system32\VERSION.dll
0x000007fefb6b0000 - 0x000007fefb6b7000 	C:\Windows\system32\d3d8thk.dll
0x000007fefade0000 - 0x000007fefadf8000 	C:\Windows\system32\dwmapi.dll
0x0000000180000000 - 0x0000000180805000 	C:\Windows\system32\igdumd64.dll
0x000000006fff0000 - 0x0000000070032000 	C:\Program Files\Java\jdk1.8.0_25\jre\bin\glass.dll
0x000007feff020000 - 0x000007feff0b7000 	C:\Windows\system32\COMDLG32.dll
0x000007feff380000 - 0x000007feff457000 	C:\Windows\system32\OLEAUT32.dll
0x000007fefcd70000 - 0x000007fefcd7f000 	C:\Windows\system32\CRYPTBASE.dll
0x0000000070840000 - 0x000000007085a000 	C:\Program Files\Java\jdk1.8.0_25\jre\bin\net.dll
0x000007fefc770000 - 0x000007fefc7c5000 	C:\Windows\system32\mswsock.dll
0x000007fefc760000 - 0x000007fefc767000 	C:\Windows\System32\wship6.dll
0x000007fefa8c0000 - 0x000007fefa8e7000 	C:\Windows\system32\IPHLPAPI.DLL
0x000007fefacd0000 - 0x000007fefacdb000 	C:\Windows\system32\WINNSI.DLL
0x000007fefaaf0000 - 0x000007fefab08000 	C:\Windows\system32\dhcpcsvc.DLL
0x000007fefaa50000 - 0x000007fefaa61000 	C:\Windows\system32\dhcpcsvc6.DLL
0x0000000002460000 - 0x00000000024aa000 	C:\Program Files\Acer\Acer ePower Management\SysHook.dll
0x000007fef8f90000 - 0x000007fef9001000 	C:\Windows\system32\WINSPOOL.DRV
0x0000000070520000 - 0x0000000070545000 	C:\Program Files\Java\jdk1.8.0_25\jre\bin\javafx_iio.dll
0x0000000070300000 - 0x0000000070315000 	C:\Program Files\Java\jdk1.8.0_25\jre\bin\javafx_font.dll
0x000007feeb700000 - 0x000007feeb896000 	C:\Windows\system32\dwrite.dll
0x000007fefef00000 - 0x000007fefef99000 	C:\Windows\system32\CLBCatQ.DLL
0x000007fefa5e0000 - 0x000007fefa741000 	C:\Windows\system32\WindowsCodecs.dll
0x000007fefcd10000 - 0x000007fefcd67000 	C:\Windows\system32\apphelp.dll
0x000007fef8c10000 - 0x000007fef8c1f000 	C:\Windows\system32\AcSignIcon.dll
0x0000000071a60000 - 0x0000000071fc3000 	C:\Windows\system32\mfc100u.dll
0x000007fefa060000 - 0x000007fefa067000 	C:\Windows\system32\MSIMG32.dll
0x000007fefb480000 - 0x000007fefb4d6000 	C:\Windows\system32\UxTheme.dll
0x00000000714b0000 - 0x00000000714bf000 	C:\Windows\system32\MFC100ESN.DLL
0x000007fef7940000 - 0x000007fef7975000 	C:\Windows\system32\EhStorShell.dll
0x000007feff0c0000 - 0x000007feff297000 	C:\Windows\system32\SETUPAPI.dll
0x000007fefcf80000 - 0x000007fefcfb6000 	C:\Windows\system32\CFGMGR32.dll
0x000007fefd220000 - 0x000007fefd23a000 	C:\Windows\system32\DEVOBJ.dll
0x000007fefb570000 - 0x000007fefb69c000 	C:\Windows\system32\PROPSYS.dll
0x000007fef70f0000 - 0x000007fef775f000 	C:\PROGRA~1\MICROS~2\Office14\GROOVEEX.DLL
0x0000000070790000 - 0x0000000070833000 	C:\Windows\WinSxS\amd64_microsoft.vc90.crt_1fc8b3b9a1e18e3b_9.0.30729.6161_none_08e61857a83bc251\MSVCR90.dll
0x00000000705e0000 - 0x00000000706b3000 	C:\Windows\WinSxS\amd64_microsoft.vc90.crt_1fc8b3b9a1e18e3b_9.0.30729.6161_none_08e61857a83bc251\MSVCP90.dll
0x0000000070400000 - 0x000000007042f000 	C:\Windows\WinSxS\amd64_microsoft.vc90.atl_1fc8b3b9a1e18e3b_9.0.30729.6161_none_0a1fd3a3a768b895\ATL90.DLL
0x000007fef8300000 - 0x000007fef871a000 	C:\PROGRA~1\COMMON~1\MICROS~1\OFFICE14\Cultures\office.odf
0x000007fef5960000 - 0x000007fef61e0000 	C:\PROGRA~1\MICROS~2\Office14\3082\GrooveIntlResource.dll
0x000007fef8990000 - 0x000007fef8a10000 	C:\Windows\system32\ntshrui.dll
0x000007fefca70000 - 0x000007fefca93000 	C:\Windows\system32\srvcli.dll
0x000007fef99d0000 - 0x000007fef99df000 	C:\Windows\system32\cscapi.dll
0x000007fefaea0000 - 0x000007fefaeab000 	C:\Windows\system32\slc.dll
0x000007fef9c90000 - 0x000007fef9cbd000 	C:\Program Files\Common Files\Microsoft Shared\Ink\rtscom.dll
0x00000000702e0000 - 0x00000000702f1000 	C:\Program Files\Java\jdk1.8.0_25\jre\bin\prism_common.dll
0x0000000056090000 - 0x00000000560b5000 	C:\Users\NORE\Documents\GitHub\hacj-k\automatizacion\rxtxSerial.dll
0x000007fef8720000 - 0x000007fef8845000 	C:\Windows\system32\dbghelp.dll

VM Arguments:
jvm_args: -Dfile.encoding=UTF-8 
java_command: C:\Users\NORE\Documents\GitHub\hacj-k\automatizacion\dist\run2118704078\automatizacion.jar
java_class_path (initial): C:\Users\NORE\Documents\GitHub\hacj-k\automatizacion\dist\run2118704078\automatizacion.jar
Launcher Type: SUN_STANDARD

Environment Variables:
JAVA_HOME=C:\Program Files\Java\jdk1.7.0_51
CLASSPATH=C:\Program Files\Java\jdk1.8.0\lib\comm-2.0.jar
PATH=C:\ProgramData\Oracle\Java\javapath;C:\Perl64\site\bin;C:\Perl64\bin;C:\Program Files (x86)\Rockwell Software\RSCommon;C:\Program Files\Common Files\Microsoft Shared\Windows Live;C:\Program Files (x86)\Common Files\Microsoft Shared\Windows Live;C:\Windows\system32;C:\Windows;C:\Windows\System32\Wbem;C:\Windows\System32\WindowsPowerShell\v1.0\;C:\Program Files (x86)\Windows Live\Shared;C:\Program Files (x86)\EgisTec MyWinLocker\x64;C:\Program Files (x86)\EgisTec MyWinLocker\;C:\Program Files (x86)\Intel\Services\IPT\;C:\Program Files\Java\jdk1.7.0_51\bin;C:\Program Files\Internet Explorer;C:\Windows\SysWOW64\rxtxSerial.dll;C:\Windows\System32\cgjsapi170_x64.dlll;C:\PROGRA~2\PICC;C:\PROGRA~2\PICC;C:\Program Files (x86)\Common Files\Rockwell\;C:\opencv\build\x64\vc10\bin;C:\MinGW\bin;C:\MinGW\msys\1.0\bin;C:\opencv\build\include;C:\Program Files\MATLAB\R2013a\runtime\win64;C:\Program Files\MATLAB\R2013a\bin
USERNAME=NORE
OS=Windows_NT
PROCESSOR_IDENTIFIER=Intel64 Family 6 Model 42 Stepping 7, GenuineIntel



---------------  S Y S T E M  ---------------

OS: Windows 7 , 64 bit Build 7601 Service Pack 1

CPU:total 4 (2 cores per cpu, 2 threads per core) family 6 model 42 stepping 7, cmov, cx8, fxsr, mmx, sse, sse2, sse3, ssse3, sse4.1, sse4.2, popcnt, avx, clmul, ht, tsc, tscinvbit

Memory: 4k page, physical 4040900k(1327492k free), swap 8079936k(3807932k free)

vm_info: Java HotSpot(TM) 64-Bit Server VM (25.25-b02) for windows-amd64 JRE (1.8.0_25-b18), built on Oct  7 2014 14:25:37 by "java_re" with MS VC++ 10.0 (VS2010)

time: Mon Dec 01 02:23:21 2014
elapsed time: 5 seconds (0d 0h 0m 5s)

