#
# A fatal error has been detected by the Java Runtime Environment:
#
#  EXCEPTION_ACCESS_VIOLATION (0xc0000005) at pc=0x0000000012098790, pid=22236, tid=21440
#
# JRE version: Java(TM) SE Runtime Environment (8.0_25-b18) (build 1.8.0_25-b18)
# Java VM: Java HotSpot(TM) 64-Bit Server VM (25.25-b02 mixed mode windows-amd64 compressed oops)
# Problematic frame:
# C  [rxtxSerial.dll+0x8790]
#
# Failed to write core dump. Minidumps are not enabled by default on client versions of Windows
#
# If you would like to submit a bug report, please visit:
#   http://bugreport.sun.com/bugreport/crash.jsp
# The crash happened outside the Java Virtual Machine in native code.
# See problematic frame for where to report the bug.
#

---------------  T H R E A D  ---------------

Current thread (0x000000005968e800):  JavaThread "Thread-4" [_thread_in_native, id=21440, stack(0x000000005a260000,0x000000005a360000)]

siginfo: ExceptionCode=0xc0000005, reading address 0x00000000000000f8

Registers:
RAX=0x0000000000000002, RBX=0x0000000055ef5190, RCX=0x0000000000000001, RDX=0x0000000000000000
RSP=0x000000005a35df50, RBP=0x000000005a35e1c0, RSI=0x000000005a5946ea, RDI=0x0000000000000000
R8 =0x0000000000000000, R9 =0x0000000000000000, R10=0x0000000000000003, R11=0x0000000000000002
R12=0x000000005a35e1c8, R13=0x000000005a538548, R14=0x000000005a35e1c8, R15=0x000000005968e800
RIP=0x0000000012098790, EFLAGS=0x0000000000010202

Top of Stack: (sp=0x000000005a35df50)
0x000000005a35df50:   0000000055ef5190 000000005a5946e0
0x000000005a35df60:   000000005968e800 000000005a5946e0
0x000000005a35df70:   000000005a5946e0 000000001209aab4
0x000000005a35df80:   000000005968e9e8 0000000000000106
0x000000005a35df90:   000000005a538548 000000005a35e1c8
0x000000005a35dfa0:   0000000059703d70 000000005a5946e0
0x000000005a35dfb0:   000000005a35e1c0 000000001209b7fe
0x000000005a35dfc0:   000000005968e800 00000000778d4de2
0x000000005a35dfd0:   000000005968e9e8 000000005a5946e0
0x000000005a35dfe0:   000000005a35e1c8 0000000000000000
0x000000005a35dff0:   00000d714a6edd85 000000007fffffdb
0x000000005a35e000:   000000005a35e090 0000000000000042
0x000000005a35e010:   000000005968e9e8 0000000000000000
0x000000005a35e020:   000000005a5946e0 000000001209213d
0x000000005a35e030:   000000005a35e1c0 00000000120ac0b0
0x000000005a35e040:   0000000000000000 0000000012090000 

Instructions: (pc=0x0000000012098790)
0x0000000012098770:   89 83 00 01 00 00 48 89 1d 73 6f 01 00 48 8b c3
0x0000000012098780:   48 8b 5c 24 30 48 8b 74 24 38 48 83 c4 20 5f c3
0x0000000012098790:   39 87 f8 00 00 00 7d 20 0f 1f 84 00 00 00 00 00
0x00000000120987a0:   48 8b 87 00 01 00 00 48 85 c0 74 0c 44 39 98 f8 


Register to memory mapping:

RAX=0x0000000000000002 is an unknown value
RBX=0x0000000055ef5190 is an unknown value
RCX=0x0000000000000001 is an unknown value
RDX=0x0000000000000000 is an unknown value
RSP=0x000000005a35df50 is pointing into the stack for thread: 0x000000005968e800
RBP=0x000000005a35e1c0 is pointing into the stack for thread: 0x000000005968e800
RSI=0x000000005a5946ea is an unknown value
RDI=0x0000000000000000 is an unknown value
R8 =0x0000000000000000 is an unknown value
R9 =0x0000000000000000 is an unknown value
R10=0x0000000000000003 is an unknown value
R11=0x0000000000000002 is an unknown value
R12=0x000000005a35e1c8 is pointing into the stack for thread: 0x000000005968e800
R13=0x000000005a538548 is pointing into metadata
R14=0x000000005a35e1c8 is pointing into the stack for thread: 0x000000005968e800
R15=0x000000005968e800 is a thread


Stack: [0x000000005a260000,0x000000005a360000],  sp=0x000000005a35df50,  free space=1015k
Native frames: (J=compiled Java code, j=interpreted, Vv=VM code, C=native code)
C  [rxtxSerial.dll+0x8790]
C  [rxtxSerial.dll+0xaab4]
C  [rxtxSerial.dll+0x213d]
C  0x000000000288664b

Java frames: (J=compiled Java code, j=interpreted, Vv=VM code)
j  gnu.io.RXTXPort.open(Ljava/lang/String;)I+0
j  gnu.io.RXTXPort.<init>(Ljava/lang/String;)V+125
j  gnu.io.RXTXCommDriver.getCommPort(Ljava/lang/String;I)Lgnu/io/CommPort;+78
j  gnu.io.CommPortIdentifier.open(Ljava/lang/String;I)Lgnu/io/CommPort;+171
j  automatizacion.ColorSensor.<init>()V+38
j  automatizacion.Crixus.init()V+48
j  automatizacion.Crixus.<init>()V+35
j  automatizacion.Crixus.<clinit>()V+4
v  ~StubRoutines::call_stub
j  automatizacion.SplashScreenController$1.call()Ljava/lang/Object;+29
j  javafx.concurrent.Task$TaskCallable.call()Ljava/lang/Object;+26
j  java.util.concurrent.FutureTask.run()V+42
j  java.lang.Thread.run()V+11
v  ~StubRoutines::call_stub

---------------  P R O C E S S  ---------------

Java Threads: ( => current thread )
  0x0000000059a06000 JavaThread "Modbus RTU master" daemon [_thread_blocked, id=5252, stack(0x000000005e0c0000,0x000000005e1c0000)]
  0x0000000059a04000 JavaThread "Thread-6" [_thread_in_native, id=22456, stack(0x000000005dee0000,0x000000005dfe0000)]
  0x000000005960c000 JavaThread "Thread-5" [_thread_blocked, id=19620, stack(0x000000005da90000,0x000000005db90000)]
  0x000000005998e000 JavaThread "Prism Font Disposer" daemon [_thread_blocked, id=19044, stack(0x000000005d0c0000,0x000000005d1c0000)]
=>0x000000005968e800 JavaThread "Thread-4" [_thread_in_native, id=21440, stack(0x000000005a260000,0x000000005a360000)]
  0x0000000056b71800 JavaThread "JavaFX-Launcher" [_thread_blocked, id=24284, stack(0x0000000059d70000,0x0000000059e70000)]
  0x0000000056b70800 JavaThread "Thread-2" daemon [_thread_in_native, id=21848, stack(0x0000000059060000,0x0000000059160000)]
  0x0000000056b56000 JavaThread "JavaFX Application Thread" [_thread_in_native, id=23568, stack(0x00000000578a0000,0x00000000579a0000)]
  0x0000000056b4b800 JavaThread "Thread-1" daemon [_thread_blocked, id=18296, stack(0x00000000576b0000,0x00000000577b0000)]
  0x0000000056b2d000 JavaThread "QuantumRenderer-0" daemon [_thread_in_native, id=23672, stack(0x0000000057300000,0x0000000057400000)]
  0x0000000056838800 JavaThread "Service Thread" daemon [_thread_blocked, id=23768, stack(0x0000000057060000,0x0000000057160000)]
  0x00000000567b3000 JavaThread "C1 CompilerThread2" daemon [_thread_blocked, id=19468, stack(0x0000000056e10000,0x0000000056f10000)]
  0x00000000567b1000 JavaThread "C2 CompilerThread1" daemon [_thread_blocked, id=22764, stack(0x0000000056ca0000,0x0000000056da0000)]
  0x0000000054f07800 JavaThread "C2 CompilerThread0" daemon [_thread_blocked, id=8036, stack(0x00000000565a0000,0x00000000566a0000)]
  0x0000000054f06000 JavaThread "Attach Listener" daemon [_thread_blocked, id=21772, stack(0x00000000566b0000,0x00000000567b0000)]
  0x0000000054f02800 JavaThread "Signal Dispatcher" daemon [_thread_blocked, id=22364, stack(0x0000000056450000,0x0000000056550000)]
  0x0000000054ea4800 JavaThread "Finalizer" daemon [_thread_blocked, id=23740, stack(0x0000000056270000,0x0000000056370000)]
  0x0000000054e9b800 JavaThread "Reference Handler" daemon [_thread_blocked, id=16748, stack(0x0000000056080000,0x0000000056180000)]
  0x000000000015f800 JavaThread "main" [_thread_blocked, id=23992, stack(0x00000000024a0000,0x00000000025a0000)]

Other Threads:
  0x0000000054e95800 VMThread [stack: 0x0000000055f10000,0x0000000056010000] [id=22044]
  0x000000005683b800 WatcherThread [stack: 0x00000000571c0000,0x00000000572c0000] [id=11280]

VM state:not at safepoint (normal execution)

VM Mutex/Monitor currently owned by a thread: None

Heap:
 PSYoungGen      total 18432K, used 3551K [0x00000000eb700000, 0x00000000ecb80000, 0x0000000100000000)
  eden space 15872K, 6% used [0x00000000eb700000,0x00000000eb7ffda0,0x00000000ec680000)
  from space 2560K, 98% used [0x00000000ec900000,0x00000000ecb781c8,0x00000000ecb80000)
  to   space 2560K, 0% used [0x00000000ec680000,0x00000000ec680000,0x00000000ec900000)
 ParOldGen       total 42496K, used 2172K [0x00000000c2400000, 0x00000000c4d80000, 0x00000000eb700000)
  object space 42496K, 5% used [0x00000000c2400000,0x00000000c261f1b0,0x00000000c4d80000)
 Metaspace       used 14383K, capacity 14848K, committed 15104K, reserved 1062912K
  class space    used 2122K, capacity 2266K, committed 2304K, reserved 1048576K

Card table byte_map: [0x0000000011c30000,0x0000000011e20000] byte_map_base: 0x000000001161e000

Marking Bits: (ParMarkBitMap*) 0x0000000077f7d490
 Begin Bits: [0x0000000012440000, 0x00000000133b0000)
 End Bits:   [0x00000000133b0000, 0x0000000014320000)

Polling page: 0x0000000000130000

CodeCache: size=245760Kb used=3880Kb max_used=3880Kb free=241879Kb
 bounds [0x0000000002870000, 0x0000000002c40000, 0x0000000011870000]
 total_blobs=1576 nmethods=1011 adapters=479
 compilation: enabled

Compilation events (10 events):
Event: 10.385 Thread 0x00000000567b3000  998       3       java.lang.String::toUpperCase (8 bytes)
Event: 10.386 Thread 0x00000000567b3000 nmethod 998 0x0000000002c36050 code [0x0000000002c361c0, 0x0000000002c36428]
Event: 10.386 Thread 0x00000000567b3000 1000  s    3       java.lang.StringBuffer::append (13 bytes)
Event: 10.386 Thread 0x00000000567b3000 nmethod 1000 0x0000000002c364d0 code [0x0000000002c36640, 0x0000000002c36948]
Event: 10.387 Thread 0x00000000567b3000 1002       1       java.lang.ref.Finalizer::access$000 (4 bytes)
Event: 10.387 Thread 0x00000000567b3000 nmethod 1002 0x0000000002c36a10 code [0x0000000002c36b60, 0x0000000002c36c50]
Event: 10.400 Thread 0x0000000054f07800 1003       4       java.lang.ClassLoader::checkName (43 bytes)
Event: 10.409 Thread 0x0000000054f07800 nmethod 1003 0x0000000002c39c50 code [0x0000000002c39da0, 0x0000000002c39f38]
Event: 10.411 Thread 0x00000000567b3000 1004       3       sun.misc.Launcher$AppClassLoader::loadClass (40 bytes)
Event: 10.413 Thread 0x00000000567b3000 nmethod 1004 0x0000000002c392d0 code [0x0000000002c39480, 0x0000000002c39a38]

GC Heap History (4 events):
Event: 5.921 GC heap before
{Heap before GC invocations=1 (full 0):
 PSYoungGen      total 18432K, used 15408K [0x00000000eb700000, 0x00000000ecb80000, 0x0000000100000000)
  eden space 15872K, 97% used [0x00000000eb700000,0x00000000ec60c1f0,0x00000000ec680000)
  from space 2560K, 0% used [0x00000000ec900000,0x00000000ec900000,0x00000000ecb80000)
  to   space 2560K, 0% used [0x00000000ec680000,0x00000000ec680000,0x00000000ec900000)
 ParOldGen       total 42496K, used 0K [0x00000000c2400000, 0x00000000c4d80000, 0x00000000eb700000)
  object space 42496K, 0% used [0x00000000c2400000,0x00000000c2400000,0x00000000c4d80000)
 Metaspace       used 9038K, capacity 9370K, committed 9472K, reserved 1056768K
  class space    used 1140K, capacity 1229K, committed 1280K, reserved 1048576K
Event: 5.932 GC heap after
Heap after GC invocations=1 (full 0):
 PSYoungGen      total 18432K, used 2228K [0x00000000eb700000, 0x00000000ecb80000, 0x0000000100000000)
  eden space 15872K, 0% used [0x00000000eb700000,0x00000000eb700000,0x00000000ec680000)
  from space 2560K, 87% used [0x00000000ec680000,0x00000000ec8ad050,0x00000000ec900000)
  to   space 2560K, 0% used [0x00000000ec900000,0x00000000ec900000,0x00000000ecb80000)
 ParOldGen       total 42496K, used 72K [0x00000000c2400000, 0x00000000c4d80000, 0x00000000eb700000)
  object space 42496K, 0% used [0x00000000c2400000,0x00000000c2412010,0x00000000c4d80000)
 Metaspace       used 9038K, capacity 9370K, committed 9472K, reserved 1056768K
  class space    used 1140K, capacity 1229K, committed 1280K, reserved 1048576K
}
Event: 10.359 GC heap before
{Heap before GC invocations=2 (full 0):
 PSYoungGen      total 18432K, used 18100K [0x00000000eb700000, 0x00000000ecb80000, 0x0000000100000000)
  eden space 15872K, 100% used [0x00000000eb700000,0x00000000ec680000,0x00000000ec680000)
  from space 2560K, 87% used [0x00000000ec680000,0x00000000ec8ad050,0x00000000ec900000)
  to   space 2560K, 0% used [0x00000000ec900000,0x00000000ec900000,0x00000000ecb80000)
 ParOldGen       total 42496K, used 72K [0x00000000c2400000, 0x00000000c4d80000, 0x00000000eb700000)
  object space 42496K, 0% used [0x00000000c2400000,0x00000000c2412010,0x00000000c4d80000)
 Metaspace       used 14177K, capacity 14618K, committed 14848K, reserved 1062912K
  class space    used 2093K, capacity 2233K, committed 2304K, reserved 1048576K
Event: 10.380 GC heap after
Heap after GC invocations=2 (full 0):
 PSYoungGen      total 18432K, used 2528K [0x00000000eb700000, 0x00000000ecb80000, 0x0000000100000000)
  eden space 15872K, 0% used [0x00000000eb700000,0x00000000eb700000,0x00000000ec680000)
  from space 2560K, 98% used [0x00000000ec900000,0x00000000ecb781c8,0x00000000ecb80000)
  to   space 2560K, 0% used [0x00000000ec680000,0x00000000ec680000,0x00000000ec900000)
 ParOldGen       total 42496K, used 2172K [0x00000000c2400000, 0x00000000c4d80000, 0x00000000eb700000)
  object space 42496K, 5% used [0x00000000c2400000,0x00000000c261f1b0,0x00000000c4d80000)
 Metaspace       used 14177K, capacity 14618K, committed 14848K, reserved 1062912K
  class space    used 2093K, capacity 2233K, committed 2304K, reserved 1048576K
}

Deoptimization events (10 events):
Event: 6.401 Thread 0x0000000056b56000 Uncommon trap: reason=unreached action=reinterpret pc=0x0000000002af2290 method=java.util.HashMap.getNode(ILjava/lang/Object;)Ljava/util/HashMap$Node; @ 84
Event: 6.401 Thread 0x0000000056b56000 Uncommon trap: reason=unreached action=reinterpret pc=0x0000000002af0b64 method=java.util.HashMap.getNode(ILjava/lang/Object;)Ljava/util/HashMap$Node; @ 84
Event: 9.093 Thread 0x0000000056b56000 Uncommon trap: reason=class_check action=maybe_recompile pc=0x0000000002b26888 method=java.io.DataInputStream.readShort()S @ 4
Event: 9.093 Thread 0x0000000056b56000 Uncommon trap: reason=class_check action=maybe_recompile pc=0x0000000002b26888 method=java.io.DataInputStream.readShort()S @ 4
Event: 9.094 Thread 0x0000000056b56000 Uncommon trap: reason=class_check action=maybe_recompile pc=0x0000000002b26888 method=java.io.DataInputStream.readShort()S @ 4
Event: 9.094 Thread 0x0000000056b56000 Uncommon trap: reason=class_check action=maybe_recompile pc=0x0000000002b26888 method=java.io.DataInputStream.readShort()S @ 4
Event: 9.135 Thread 0x0000000056b56000 Uncommon trap: reason=class_check action=maybe_recompile pc=0x000000000298b320 method=java.lang.String.equals(Ljava/lang/Object;)Z @ 8
Event: 9.135 Thread 0x0000000056b56000 Uncommon trap: reason=class_check action=maybe_recompile pc=0x000000000298b320 method=java.lang.String.equals(Ljava/lang/Object;)Z @ 8
Event: 9.135 Thread 0x0000000056b56000 Uncommon trap: reason=class_check action=maybe_recompile pc=0x000000000298b320 method=java.lang.String.equals(Ljava/lang/Object;)Z @ 8
Event: 9.139 Thread 0x0000000056b56000 Uncommon trap: reason=class_check action=maybe_recompile pc=0x000000000298b320 method=java.lang.String.equals(Ljava/lang/Object;)Z @ 8

Internal exceptions (10 events):
Event: 10.184 Thread 0x000000005960c000 Exception <a 'java/security/PrivilegedActionException'> (0x00000000ec5cc3a8) thrown at [D:\re\workspace\8-2-build-windows-amd64-cygwin\jdk8u25\1677\hotspot\src\share\vm\prims\jvm.cpp, line 1312]
Event: 10.185 Thread 0x000000005960c000 Exception <a 'java/security/PrivilegedActionException'> (0x00000000ec5cf9d0) thrown at [D:\re\workspace\8-2-build-windows-amd64-cygwin\jdk8u25\1677\hotspot\src\share\vm\prims\jvm.cpp, line 1312]
Event: 10.186 Thread 0x000000005960c000 Exception <a 'java/security/PrivilegedActionException'> (0x00000000ec5d3788) thrown at [D:\re\workspace\8-2-build-windows-amd64-cygwin\jdk8u25\1677\hotspot\src\share\vm\prims\jvm.cpp, line 1312]
Event: 10.344 Thread 0x000000005968e800 Exception <a 'java/security/PrivilegedActionException'> (0x00000000ec537090) thrown at [D:\re\workspace\8-2-build-windows-amd64-cygwin\jdk8u25\1677\hotspot\src\share\vm\prims\jvm.cpp, line 1312]
Event: 10.350 Thread 0x000000005968e800 Exception <a 'java/io/FileNotFoundException'> (0x00000000ec65eb20) thrown at [D:\re\workspace\8-2-build-windows-amd64-cygwin\jdk8u25\1677\hotspot\src\share\vm\prims\jni.cpp, line 716]
Event: 10.358 Thread 0x000000005968e800 Exception <a 'java/io/FileNotFoundException'> (0x00000000ec6754b0) thrown at [D:\re\workspace\8-2-build-windows-amd64-cygwin\jdk8u25\1677\hotspot\src\share\vm\prims\jni.cpp, line 716]
Event: 10.410 Thread 0x000000005968e800 Exception <a 'java/security/PrivilegedActionException'> (0x00000000eb749440) thrown at [D:\re\workspace\8-2-build-windows-amd64-cygwin\jdk8u25\1677\hotspot\src\share\vm\prims\jvm.cpp, line 1312]
Event: 10.413 Thread 0x000000005968e800 Exception <a 'java/security/PrivilegedActionException'> (0x00000000eb74cb40) thrown at [D:\re\workspace\8-2-build-windows-amd64-cygwin\jdk8u25\1677\hotspot\src\share\vm\prims\jvm.cpp, line 1312]
Event: 10.415 Thread 0x000000005968e800 Exception <a 'java/security/PrivilegedActionException'> (0x00000000eb751350) thrown at [D:\re\workspace\8-2-build-windows-amd64-cygwin\jdk8u25\1677\hotspot\src\share\vm\prims\jvm.cpp, line 1312]
Event: 10.416 Thread 0x000000005968e800 Exception <a 'java/security/PrivilegedActionException'> (0x00000000eb754a78) thrown at [D:\re\workspace\8-2-build-windows-amd64-cygwin\jdk8u25\1677\hotspot\src\share\vm\prims\jvm.cpp, line 1312]

Events (10 events):
Event: 10.410 loading class gnu/io/RXTXPort$SerialOutputStream
Event: 10.410 loading class gnu/io/RXTXPort$SerialOutputStream done
Event: 10.413 loading class gnu/io/RXTXPort$SerialInputStream
Event: 10.413 loading class gnu/io/RXTXPort$SerialInputStream done
Event: 10.414 loading class gnu/io/Zystem
Event: 10.414 loading class gnu/io/Zystem done
Event: 10.416 loading class gnu/io/UnSupportedLoggerException
Event: 10.416 loading class gnu/io/UnSupportedLoggerException done
Event: 10.416 Executing VM operation: RevokeBias
Event: 10.417 Executing VM operation: RevokeBias done


Dynamic libraries:
0x000000013f330000 - 0x000000013f364000 	C:\Program Files\Java\jdk1.8.0_25\bin\java.exe
0x0000000077150000 - 0x00000000772f9000 	C:\Windows\SYSTEM32\ntdll.dll
0x0000000076f30000 - 0x000000007704f000 	C:\Windows\system32\kernel32.dll
0x000007fefd240000 - 0x000007fefd2ac000 	C:\Windows\system32\KERNELBASE.dll
0x000007feff2a0000 - 0x000007feff37b000 	C:\Windows\system32\ADVAPI32.dll
0x000007fefe250000 - 0x000007fefe2ef000 	C:\Windows\system32\msvcrt.dll
0x000007fefec70000 - 0x000007fefec8f000 	C:\Windows\SYSTEM32\sechost.dll
0x000007fefe310000 - 0x000007fefe43d000 	C:\Windows\system32\RPCRT4.dll
0x0000000077050000 - 0x000000007714a000 	C:\Windows\system32\USER32.dll
0x000007fefe440000 - 0x000007fefe4a7000 	C:\Windows\system32\GDI32.dll
0x000007fefeef0000 - 0x000007fefeefe000 	C:\Windows\system32\LPK.dll
0x000007fefeba0000 - 0x000007fefec69000 	C:\Windows\system32\USP10.dll
0x000007fefb8f0000 - 0x000007fefbae4000 	C:\Windows\WinSxS\amd64_microsoft.windows.common-controls_6595b64144ccf1df_6.0.7601.17514_none_fa396087175ac9ac\COMCTL32.dll
0x000007fefefa0000 - 0x000007feff011000 	C:\Windows\system32\SHLWAPI.dll
0x000007fefe1d0000 - 0x000007fefe1fe000 	C:\Windows\system32\IMM32.DLL
0x000007fefd330000 - 0x000007fefd439000 	C:\Windows\system32\MSCTF.dll
0x0000000064120000 - 0x00000000641f2000 	C:\Program Files\Java\jdk1.8.0_25\jre\bin\msvcr100.dll
0x00000000777a0000 - 0x0000000077ffa000 	C:\Program Files\Java\jdk1.8.0_25\jre\bin\server\jvm.dll
0x000007fef30c0000 - 0x000007fef30c9000 	C:\Windows\system32\WSOCK32.dll
0x000007fefe200000 - 0x000007fefe24d000 	C:\Windows\system32\WS2_32.dll
0x000007fefeee0000 - 0x000007fefeee8000 	C:\Windows\system32\NSI.dll
0x000007fefaf70000 - 0x000007fefafab000 	C:\Windows\system32\WINMM.dll
0x0000000077320000 - 0x0000000077327000 	C:\Windows\system32\PSAPI.DLL
0x0000000067cd0000 - 0x0000000067cdf000 	C:\Program Files\Java\jdk1.8.0_25\jre\bin\verify.dll
0x0000000067890000 - 0x00000000678b8000 	C:\Program Files\Java\jdk1.8.0_25\jre\bin\java.dll
0x0000000067570000 - 0x0000000067586000 	C:\Program Files\Java\jdk1.8.0_25\jre\bin\zip.dll
0x000007fefd440000 - 0x000007fefe1c8000 	C:\Windows\system32\SHELL32.dll
0x000007fefe6c0000 - 0x000007fefe8c3000 	C:\Windows\system32\ole32.dll
0x000007fefcf20000 - 0x000007fefcf2f000 	C:\Windows\system32\profapi.dll
0x0000000067800000 - 0x000000006782c000 	C:\Program Files\Java\jdk1.8.0_25\jre\bin\prism_d3d.dll
0x000007feee910000 - 0x000007feeeb0f000 	C:\Windows\system32\d3d9.dll
0x000007fefbfb0000 - 0x000007fefbfbc000 	C:\Windows\system32\VERSION.dll
0x000007fefb6b0000 - 0x000007fefb6b7000 	C:\Windows\system32\d3d8thk.dll
0x000007fefade0000 - 0x000007fefadf8000 	C:\Windows\system32\dwmapi.dll
0x0000000180000000 - 0x0000000180805000 	C:\Windows\system32\igdumd64.dll
0x00000000670a0000 - 0x00000000670e2000 	C:\Program Files\Java\jdk1.8.0_25\jre\bin\glass.dll
0x000007feff020000 - 0x000007feff0b7000 	C:\Windows\system32\COMDLG32.dll
0x000007feff380000 - 0x000007feff457000 	C:\Windows\system32\OLEAUT32.dll
0x000007fefcd70000 - 0x000007fefcd7f000 	C:\Windows\system32\CRYPTBASE.dll
0x0000000001c00000 - 0x0000000001c4a000 	C:\Program Files\Acer\Acer ePower Management\SysHook.dll
0x000007fef8f90000 - 0x000007fef9001000 	C:\Windows\system32\WINSPOOL.DRV
0x0000000067020000 - 0x0000000067045000 	C:\Program Files\Java\jdk1.8.0_25\jre\bin\javafx_iio.dll
0x0000000067550000 - 0x0000000067565000 	C:\Program Files\Java\jdk1.8.0_25\jre\bin\javafx_font.dll
0x000007feeb700000 - 0x000007feeb896000 	C:\Windows\system32\dwrite.dll
0x000007fefef00000 - 0x000007fefef99000 	C:\Windows\system32\CLBCatQ.DLL
0x000007fefa5e0000 - 0x000007fefa741000 	C:\Windows\system32\WindowsCodecs.dll
0x000007fefcd10000 - 0x000007fefcd67000 	C:\Windows\system32\apphelp.dll
0x000007fef8c10000 - 0x000007fef8c1f000 	C:\Windows\system32\AcSignIcon.dll
0x0000000071a60000 - 0x0000000071fc3000 	C:\Windows\system32\mfc100u.dll
0x000007fefa060000 - 0x000007fefa067000 	C:\Windows\system32\MSIMG32.dll
0x000007fefb480000 - 0x000007fefb4d6000 	C:\Windows\system32\UxTheme.dll
0x00000000714b0000 - 0x00000000714bf000 	C:\Windows\system32\MFC100ESN.DLL
0x000007fef7940000 - 0x000007fef7975000 	C:\Windows\system32\EhStorShell.dll
0x000007feff0c0000 - 0x000007feff297000 	C:\Windows\system32\SETUPAPI.dll
0x000007fefcf80000 - 0x000007fefcfb6000 	C:\Windows\system32\CFGMGR32.dll
0x000007fefd220000 - 0x000007fefd23a000 	C:\Windows\system32\DEVOBJ.dll
0x000007fefb570000 - 0x000007fefb69c000 	C:\Windows\system32\PROPSYS.dll
0x000007fef70f0000 - 0x000007fef775f000 	C:\PROGRA~1\MICROS~2\Office14\GROOVEEX.DLL
0x0000000070790000 - 0x0000000070833000 	C:\Windows\WinSxS\amd64_microsoft.vc90.crt_1fc8b3b9a1e18e3b_9.0.30729.6161_none_08e61857a83bc251\MSVCR90.dll
0x00000000705e0000 - 0x00000000706b3000 	C:\Windows\WinSxS\amd64_microsoft.vc90.crt_1fc8b3b9a1e18e3b_9.0.30729.6161_none_08e61857a83bc251\MSVCP90.dll
0x0000000070400000 - 0x000000007042f000 	C:\Windows\WinSxS\amd64_microsoft.vc90.atl_1fc8b3b9a1e18e3b_9.0.30729.6161_none_0a1fd3a3a768b895\ATL90.DLL
0x000007fef8300000 - 0x000007fef871a000 	C:\PROGRA~1\COMMON~1\MICROS~1\OFFICE14\Cultures\office.odf
0x000007fef5960000 - 0x000007fef61e0000 	C:\PROGRA~1\MICROS~2\Office14\3082\GrooveIntlResource.dll
0x000007fef8990000 - 0x000007fef8a10000 	C:\Windows\system32\ntshrui.dll
0x000007fefca70000 - 0x000007fefca93000 	C:\Windows\system32\srvcli.dll
0x000007fef99d0000 - 0x000007fef99df000 	C:\Windows\system32\cscapi.dll
0x000007fefaea0000 - 0x000007fefaeab000 	C:\Windows\system32\slc.dll
0x000007feeb8f0000 - 0x000007feeb91d000 	C:\Program Files\Common Files\Microsoft Shared\Ink\rtscom.dll
0x0000000012090000 - 0x00000000120b5000 	C:\Users\NORE\Documents\GitHub\hacj-k\automatizacion\rxtxSerial.dll
0x000007fef8720000 - 0x000007fef8845000 	C:\Windows\system32\dbghelp.dll

VM Arguments:
jvm_args: -Dfile.encoding=UTF-8 
java_command: C:\Users\NORE\Documents\GitHub\hacj-k\automatizacion\dist\run317986839\automatizacion.jar
java_class_path (initial): C:\Users\NORE\Documents\GitHub\hacj-k\automatizacion\dist\run317986839\automatizacion.jar
Launcher Type: SUN_STANDARD

Environment Variables:
JAVA_HOME=C:\Program Files\Java\jdk1.7.0_51
CLASSPATH=C:\Program Files\Java\jdk1.8.0\lib\comm-2.0.jar
PATH=C:\ProgramData\Oracle\Java\javapath;C:\Perl64\site\bin;C:\Perl64\bin;C:\Program Files (x86)\Rockwell Software\RSCommon;C:\Program Files\Common Files\Microsoft Shared\Windows Live;C:\Program Files (x86)\Common Files\Microsoft Shared\Windows Live;C:\Windows\system32;C:\Windows;C:\Windows\System32\Wbem;C:\Windows\System32\WindowsPowerShell\v1.0\;C:\Program Files (x86)\Windows Live\Shared;C:\Program Files (x86)\EgisTec MyWinLocker\x64;C:\Program Files (x86)\EgisTec MyWinLocker\;C:\Program Files (x86)\Intel\Services\IPT\;C:\Program Files\Java\jdk1.7.0_51\bin;C:\Program Files\Internet Explorer;C:\Windows\SysWOW64\rxtxSerial.dll;C:\Windows\System32\cgjsapi170_x64.dlll;C:\PROGRA~2\PICC;C:\PROGRA~2\PICC;C:\Program Files (x86)\Common Files\Rockwell\;C:\opencv\build\x64\vc10\bin;C:\MinGW\bin;C:\MinGW\msys\1.0\bin;C:\opencv\build\include;C:\Program Files\MATLAB\R2013a\runtime\win64;C:\Program Files\MATLAB\R2013a\bin
USERNAME=NORE
OS=Windows_NT
PROCESSOR_IDENTIFIER=Intel64 Family 6 Model 42 Stepping 7, GenuineIntel



---------------  S Y S T E M  ---------------

OS: Windows 7 , 64 bit Build 7601 Service Pack 1

CPU:total 4 (2 cores per cpu, 2 threads per core) family 6 model 42 stepping 7, cmov, cx8, fxsr, mmx, sse, sse2, sse3, ssse3, sse4.1, sse4.2, popcnt, avx, clmul, ht, tsc, tscinvbit

Memory: 4k page, physical 4040900k(450720k free), swap 8079936k(2864004k free)

vm_info: Java HotSpot(TM) 64-Bit Server VM (25.25-b02) for windows-amd64 JRE (1.8.0_25-b18), built on Oct  7 2014 14:25:37 by "java_re" with MS VC++ 10.0 (VS2010)

time: Mon Dec 01 01:48:57 2014
elapsed time: 10 seconds (0d 0h 0m 10s)

